09:11:54 **** Clean-only build of configuration gcc-debug for project Star ****
make MODE=debug CONFIGNAME=gcc-debug clean 
Cleaning...
rm: cannot remove `Star.exe': Permission denied
make: [clean] Error 1 (ignored)
09:12:04 **** Incremental Build of configuration gcc-debug for project Ring ****
make MODE=debug CONFIGNAME=gcc-debug all 
09:12:04 **** Build of configuration gcc-debug for project Star ****
make MODE=debug CONFIGNAME=gcc-debug all 
TX.cc
Creating executable: out/gcc-debug//Star.exe
ln: cannot remove `./Star.exe': Permission denied
make: *** [all] Error 1
09:12:08 **** Incremental Build of configuration gcc-debug for project Ring ****
make MODE=debug CONFIGNAME=gcc-debug all 
09:12:09 **** Incremental Build of configuration gcc-debug for project Star ****
make MODE=debug CONFIGNAME=gcc-debug all 
ln: cannot remove `./Star.exe': Permission denied
make: *** [all] Error 1
09:12:33 **** Incremental Build of configuration gcc-debug for project Ring ****
make MODE=debug CONFIGNAME=gcc-debug all 
09:12:34 **** Incremental Build of configuration gcc-debug for project Star ****
make MODE=debug CONFIGNAME=gcc-debug all 
ln: cannot remove `./Star.exe': Permission denied
make: *** [all] Error 1
09:12:45 **** Incremental Build of configuration gcc-debug for project Ring ****
make MODE=debug CONFIGNAME=gcc-debug all 
09:12:45 **** Incremental Build of configuration gcc-debug for project Star ****
make MODE=debug CONFIGNAME=gcc-debug all 
ln: cannot remove `./Star.exe': Permission denied
make: *** [all] Error 1
09:12:48 **** Incremental Build of configuration gcc-debug for project Ring ****
make MODE=debug CONFIGNAME=gcc-debug all 
09:12:49 **** Incremental Build of configuration gcc-debug for project Star ****
make MODE=debug CONFIGNAME=gcc-debug all 
ln: cannot remove `./Star.exe': Permission denied
make: *** [all] Error 1
09:13:49 **** Incremental Build of configuration gcc-debug for project Ring ****
make MODE=debug CONFIGNAME=gcc-debug all 
09:13:49 **** Incremental Build of configuration gcc-debug for project Star ****
make MODE=debug CONFIGNAME=gcc-debug all 
ln: cannot remove `./Star.exe': Permission denied
make: *** [all] Error 1
09:13:53 **** Incremental Build of configuration gcc-debug for project Ring ****
make MODE=debug CONFIGNAME=gcc-debug all 
09:13:54 **** Incremental Build of configuration gcc-debug for project Star ****
make MODE=debug CONFIGNAME=gcc-debug all 
ln: cannot remove `./Star.exe': Permission denied
make: *** [all] Error 1
09:19:25 **** Incremental Build of configuration gcc-debug for project Ring ****
make MODE=debug CONFIGNAME=gcc-debug all 
09:19:25 **** Incremental Build of configuration gcc-debug for project Star ****
make MODE=debug CONFIGNAME=gcc-debug all 
TX.cc
Creating executable: out/gcc-debug//Star.exe
09:19:30 **** Incremental Build of configuration gcc-debug for project Ring ****
make MODE=debug CONFIGNAME=gcc-debug all 
09:19:30 **** Incremental Build of configuration gcc-debug for project Star ****
make MODE=debug CONFIGNAME=gcc-debug all 
09:20:40 **** Incremental Build of configuration gcc-debug for project Ring ****
make MODE=debug CONFIGNAME=gcc-debug all 
09:20:40 **** Incremental Build of configuration gcc-debug for project Star ****
make MODE=debug CONFIGNAME=gcc-debug all 
TX.cc
Creating executable: out/gcc-debug//Star.exe
09:20:43 **** Incremental Build of configuration gcc-debug for project Ring ****
make MODE=debug CONFIGNAME=gcc-debug all 
09:20:44 **** Incremental Build of configuration gcc-debug for project Star ****
make MODE=debug CONFIGNAME=gcc-debug all 
09:21:33 **** Incremental Build of configuration gcc-debug for project Ring ****
make MODE=debug CONFIGNAME=gcc-debug all 
09:21:34 **** Incremental Build of configuration gcc-debug for project Star ****
make MODE=debug CONFIGNAME=gcc-debug all 
TX.cc
Creating executable: out/gcc-debug//Star.exe
ln: cannot remove `./Star.exe': Permission denied
make: *** [all] Error 1
09:21:49 **** Incremental Build of configuration gcc-debug for project Ring ****
make MODE=debug CONFIGNAME=gcc-debug all 
09:21:49 **** Incremental Build of configuration gcc-debug for project Star ****
make MODE=debug CONFIGNAME=gcc-debug all 
09:21:54 **** Incremental Build of configuration gcc-debug for project Ring ****
make MODE=debug CONFIGNAME=gcc-debug all 
09:21:54 **** Incremental Build of configuration gcc-debug for project Star ****
make MODE=debug CONFIGNAME=gcc-debug all 
09:22:40 **** Incremental Build of configuration gcc-debug for project Ring ****
make MODE=debug CONFIGNAME=gcc-debug all 
09:22:40 **** Incremental Build of configuration gcc-debug for project Star ****
make MODE=debug CONFIGNAME=gcc-debug all 
TX.cc
Creating executable: out/gcc-debug//Star.exe
09:22:43 **** Incremental Build of configuration gcc-debug for project Ring ****
make MODE=debug CONFIGNAME=gcc-debug all 
09:22:43 **** Incremental Build of configuration gcc-debug for project Star ****
make MODE=debug CONFIGNAME=gcc-debug all 
09:25:36 **** Incremental Build of configuration gcc-debug for project Ring ****
make MODE=debug CONFIGNAME=gcc-debug all 
09:25:37 **** Incremental Build of configuration gcc-debug for project Star ****
make MODE=debug CONFIGNAME=gcc-debug all 
TX.cc
Creating executable: out/gcc-debug//Star.exe
09:25:40 **** Incremental Build of configuration gcc-debug for project Ring ****
make MODE=debug CONFIGNAME=gcc-debug all 
09:25:41 **** Incremental Build of configuration gcc-debug for project Star ****
make MODE=debug CONFIGNAME=gcc-debug all 
09:26:39 **** Incremental Build of configuration gcc-debug for project Ring ****
make MODE=debug CONFIGNAME=gcc-debug all 
09:26:39 **** Incremental Build of configuration gcc-debug for project Star ****
make MODE=debug CONFIGNAME=gcc-debug all 
TX.cc
Creating executable: out/gcc-debug//Star.exe
09:26:42 **** Incremental Build of configuration gcc-debug for project Ring ****
make MODE=debug CONFIGNAME=gcc-debug all 
09:26:42 **** Incremental Build of configuration gcc-debug for project Star ****
make MODE=debug CONFIGNAME=gcc-debug all 
09:27:18 **** Incremental Build of configuration gcc-debug for project Ring ****
make MODE=debug CONFIGNAME=gcc-debug all 
09:27:18 **** Incremental Build of configuration gcc-debug for project Star ****
make MODE=debug CONFIGNAME=gcc-debug all 
TX.cc
Creating executable: out/gcc-debug//Star.exe
09:27:20 **** Incremental Build of configuration gcc-debug for project Ring ****
make MODE=debug CONFIGNAME=gcc-debug all 
09:27:21 **** Incremental Build of configuration gcc-debug for project Star ****
make MODE=debug CONFIGNAME=gcc-debug all 
09:29:11 **** Incremental Build of configuration gcc-debug for project Ring ****
make MODE=debug CONFIGNAME=gcc-debug all 
09:29:12 **** Incremental Build of configuration gcc-debug for project Star ****
make MODE=debug CONFIGNAME=gcc-debug all 
TX.cc
Creating executable: out/gcc-debug//Star.exe
09:29:14 **** Incremental Build of configuration gcc-debug for project Ring ****
make MODE=debug CONFIGNAME=gcc-debug all 
09:29:15 **** Incremental Build of configuration gcc-debug for project Star ****
make MODE=debug CONFIGNAME=gcc-debug all 
09:31:07 **** Incremental Build of configuration gcc-debug for project Ring ****
make MODE=debug CONFIGNAME=gcc-debug all 
09:31:08 **** Incremental Build of configuration gcc-debug for project Star ****
make MODE=debug CONFIGNAME=gcc-debug all 
09:32:29 **** Incremental Build of configuration gcc-debug for project Ring ****
make MODE=debug CONFIGNAME=gcc-debug all 
09:32:30 **** Incremental Build of configuration gcc-debug for project Star ****
make MODE=debug CONFIGNAME=gcc-debug all 
TX.cc
Creating executable: out/gcc-debug//Star.exe
09:32:32 **** Incremental Build of configuration gcc-debug for project Ring ****
make MODE=debug CONFIGNAME=gcc-debug all 
09:32:33 **** Incremental Build of configuration gcc-debug for project Star ****
make MODE=debug CONFIGNAME=gcc-debug all 
09:34:36 **** Incremental Build of configuration gcc-debug for project Ring ****
make MODE=debug CONFIGNAME=gcc-debug all 
09:34:37 **** Incremental Build of configuration gcc-debug for project Star ****
make MODE=debug CONFIGNAME=gcc-debug all 
TX.cc
Creating executable: out/gcc-debug//Star.exe
09:37:02 **** Incremental Build of configuration gcc-debug for project Ring ****
make MODE=debug CONFIGNAME=gcc-debug all 
09:37:02 **** Incremental Build of configuration gcc-debug for project Star ****
make MODE=debug CONFIGNAME=gcc-debug all 
TX.cc
Creating executable: out/gcc-debug//Star.exe
09:37:05 **** Incremental Build of configuration gcc-debug for project Ring ****
make MODE=debug CONFIGNAME=gcc-debug all 
09:37:06 **** Incremental Build of configuration gcc-debug for project Star ****
make MODE=debug CONFIGNAME=gcc-debug all 
09:39:06 **** Incremental Build of configuration gcc-debug for project Ring ****
make MODE=debug CONFIGNAME=gcc-debug all 
09:39:06 **** Incremental Build of configuration gcc-debug for project Star ****
make MODE=debug CONFIGNAME=gcc-debug all 
TX.cc
Creating executable: out/gcc-debug//Star.exe
09:41:24 **** Incremental Build of configuration gcc-debug for project Ring ****
make MODE=debug CONFIGNAME=gcc-debug all 
09:41:27 **** Incremental Build of configuration gcc-debug for project Star ****
make MODE=debug CONFIGNAME=gcc-debug all 
TX.cc
Creating executable: out/gcc-debug//Star.exe
09:41:34 **** Incremental Build of configuration gcc-debug for project Ring ****
make MODE=debug CONFIGNAME=gcc-debug all 
09:41:35 **** Incremental Build of configuration gcc-debug for project Star ****
make MODE=debug CONFIGNAME=gcc-debug all 
09:44:50 **** Incremental Build of configuration gcc-debug for project Ring ****
make MODE=debug CONFIGNAME=gcc-debug all 
09:44:50 **** Incremental Build of configuration gcc-debug for project Star ****
make MODE=debug CONFIGNAME=gcc-debug all 
TX.cc
Creating executable: out/gcc-debug//Star.exe
09:44:53 **** Incremental Build of configuration gcc-debug for project Ring ****
make MODE=debug CONFIGNAME=gcc-debug all 
09:44:53 **** Incremental Build of configuration gcc-debug for project Star ****
make MODE=debug CONFIGNAME=gcc-debug all 
09:47:13 **** Incremental Build of configuration gcc-debug for project Ring ****
make MODE=debug CONFIGNAME=gcc-debug all 
09:47:13 **** Incremental Build of configuration gcc-debug for project Star ****
make MODE=debug CONFIGNAME=gcc-debug all 
TX.cc
Creating executable: out/gcc-debug//Star.exe
09:47:16 **** Incremental Build of configuration gcc-debug for project Ring ****
make MODE=debug CONFIGNAME=gcc-debug all 
09:47:17 **** Incremental Build of configuration gcc-debug for project Star ****
make MODE=debug CONFIGNAME=gcc-debug all 
09:48:47 **** Incremental Build of configuration gcc-debug for project Ring ****
make MODE=debug CONFIGNAME=gcc-debug all 
09:48:47 **** Incremental Build of configuration gcc-debug for project Star ****
make MODE=debug CONFIGNAME=gcc-debug all 
TX.cc
Creating executable: out/gcc-debug//Star.exe
09:49:59 **** Incremental Build of configuration gcc-debug for project Ring ****
make MODE=debug CONFIGNAME=gcc-debug all 
09:50:00 **** Incremental Build of configuration gcc-debug for project Star ****
make MODE=debug CONFIGNAME=gcc-debug all 
TX.cc
Creating executable: out/gcc-debug//Star.exe
09:55:09 **** Incremental Build of configuration gcc-debug for project Ring ****
make MODE=debug CONFIGNAME=gcc-debug all 
09:55:09 **** Incremental Build of configuration gcc-debug for project Star ****
make MODE=debug CONFIGNAME=gcc-debug all 
TX.cc
TX.cc: In member function 'virtual void Hub::handleMessage(cMessage*)':
TX.cc:305:11: error: 'ack' was not declared in this scope
make: *** [out/gcc-debug//TX.o] Error 1
09:55:13 **** Incremental Build of configuration gcc-debug for project Ring ****
make MODE=debug CONFIGNAME=gcc-debug all 
09:55:14 **** Incremental Build of configuration gcc-debug for project Star ****
make MODE=debug CONFIGNAME=gcc-debug all 
TX.cc
TX.cc: In member function 'virtual void Hub::handleMessage(cMessage*)':
TX.cc:305:11: error: 'ack' was not declared in this scope
make: *** [out/gcc-debug//TX.o] Error 1
09:56:04 **** Incremental Build of configuration gcc-debug for project Ring ****
make MODE=debug CONFIGNAME=gcc-debug all 
09:56:05 **** Incremental Build of configuration gcc-debug for project Star ****
make MODE=debug CONFIGNAME=gcc-debug all 
TX.cc
Creating executable: out/gcc-debug//Star.exe
